<?xml version="1.0" encoding="UTF-8"?>
<testsuite xmlns:xsi="http://www.w3.org/2001/XMLSchema-instance" xsi:noNamespaceSchemaLocation="https://maven.apache.org/surefire/maven-surefire-plugin/xsd/surefire-test-report.xsd" name="org.zanata.magpie.MTApplicationTest" time="0.294" tests="2" errors="0" skipped="0" failures="0">
  <properties>
    <property name="sun.desktop" value="gnome"/>
    <property name="awt.toolkit" value="sun.awt.X11.XToolkit"/>
    <property name="file.encoding.pkg" value="sun.io"/>
    <property name="java.specification.version" value="1.8"/>
    <property name="sun.cpu.isalist" value=""/>
    <property name="sun.jnu.encoding" value="UTF-8"/>
    <property name="java.class.path" value="/home/nisharma/Desktop/gitRepo/zanata-mt/server/target/test-classes:/home/nisharma/Desktop/gitRepo/zanata-mt/server/target/classes:/home/nisharma/.m2/repository/org/zanata/magpie/mt-frontend/1.0.0-SNAPSHOT/mt-frontend-1.0.0-SNAPSHOT.jar:/home/nisharma/.m2/repository/org/zanata/magpie/common/1.0.0-SNAPSHOT/common-1.0.0-SNAPSHOT.jar:/home/nisharma/.m2/repository/org/jboss/resteasy/resteasy-multipart-provider/3.1.0.Final/resteasy-multipart-provider-3.1.0.Final.jar:/home/nisharma/.m2/repository/com/sun/mail/javax.mail/1.5.6/javax.mail-1.5.6.jar:/home/nisharma/.m2/repository/org/apache/james/apache-mime4j/0.6/apache-mime4j-0.6.jar:/home/nisharma/.m2/repository/com/fasterxml/jackson/core/jackson-annotations/2.8.3/jackson-annotations-2.8.3.jar:/home/nisharma/.m2/repository/org/apache/commons/commons-lang3/3.5/commons-lang3-3.5.jar:/home/nisharma/.m2/repository/com/webcohesion/enunciate/enunciate-core-annotations/2.8.0/enunciate-core-annotations-2.8.0.jar:/home/nisharma/.m2/repository/com/fasterxml/jackson/core/jackson-databind/2.8.3/jackson-databind-2.8.3.jar:/home/nisharma/.m2/repository/org/zanata/magpie/mt-data/1.0.0-SNAPSHOT/mt-data-1.0.0-SNAPSHOT.jar:/home/nisharma/.m2/repository/net/sf/okapi/okapi-core/0.35/okapi-core-0.35.jar:/home/nisharma/.m2/repository/org/slf4j/slf4j-simple/1.7.13/slf4j-simple-1.7.13.jar:/home/nisharma/.m2/repository/net/sf/okapi/steps/okapi-step-tokenization/0.35/okapi-step-tokenization-0.35.jar:/home/nisharma/.m2/repository/net/sf/okapi/filters/okapi-filter-plaintext/0.35/okapi-filter-plaintext-0.35.jar:/home/nisharma/.m2/repository/net/sf/okapi/filters/okapi-filter-regex/0.35/okapi-filter-regex-0.35.jar:/home/nisharma/.m2/repository/net/sf/okapi/lib/okapi-lib-extra/0.35/okapi-lib-extra-0.35.jar:/home/nisharma/.m2/repository/net/sf/okapi/steps/okapi-step-common/0.35/okapi-step-common-0.35.jar:/home/nisharma/.m2/repository/commons-codec/commons-codec/1.11/commons-codec-1.11.jar:/home/nisharma/.m2/repository/org/zanata/magpie/mt-engine/1.0.0-SNAPSHOT/mt-engine-1.0.0-SNAPSHOT.jar:/home/nisharma/.m2/repository/org/jboss/resteasy/resteasy-client/3.1.0.Final/resteasy-client-3.1.0.Final.jar:/home/nisharma/.m2/repository/com/google/cloud/google-cloud-translate/1.32.0/google-cloud-translate-1.32.0.jar:/home/nisharma/.m2/repository/com/google/cloud/google-cloud-core/1.32.0/google-cloud-core-1.32.0.jar:/home/nisharma/.m2/repository/joda-time/joda-time/2.9.2/joda-time-2.9.2.jar:/home/nisharma/.m2/repository/com/google/api/api-common/1.6.0/api-common-1.6.0.jar:/home/nisharma/.m2/repository/com/google/api/gax/1.27.0/gax-1.27.0.jar:/home/nisharma/.m2/repository/org/threeten/threetenbp/1.3.3/threetenbp-1.3.3.jar:/home/nisharma/.m2/repository/com/google/protobuf/protobuf-java-util/3.5.1/protobuf-java-util-3.5.1.jar:/home/nisharma/.m2/repository/com/google/protobuf/protobuf-java/3.5.1/protobuf-java-3.5.1.jar:/home/nisharma/.m2/repository/com/google/code/gson/gson/2.7/gson-2.7.jar:/home/nisharma/.m2/repository/com/google/api/grpc/proto-google-common-protos/1.11.0/proto-google-common-protos-1.11.0.jar:/home/nisharma/.m2/repository/com/google/api/grpc/proto-google-iam-v1/0.12.0/proto-google-iam-v1-0.12.0.jar:/home/nisharma/.m2/repository/com/google/cloud/google-cloud-core-http/1.32.0/google-cloud-core-http-1.32.0.jar:/home/nisharma/.m2/repository/com/google/auth/google-auth-library-credentials/0.9.1/google-auth-library-credentials-0.9.1.jar:/home/nisharma/.m2/repository/com/google/auth/google-auth-library-oauth2-http/0.9.1/google-auth-library-oauth2-http-0.9.1.jar:/home/nisharma/.m2/repository/com/google/api-client/google-api-client/1.23.0/google-api-client-1.23.0.jar:/home/nisharma/.m2/repository/com/google/http-client/google-http-client-appengine/1.23.0/google-http-client-appengine-1.23.0.jar:/home/nisharma/.m2/repository/com/google/http-client/google-http-client-jackson/1.23.0/google-http-client-jackson-1.23.0.jar:/home/nisharma/.m2/repository/org/codehaus/jackson/jackson-core-asl/1.9.11/jackson-core-asl-1.9.11.jar:/home/nisharma/.m2/repository/com/google/http-client/google-http-client-jackson2/1.23.0/google-http-client-jackson2-1.23.0.jar:/home/nisharma/.m2/repository/com/google/api/gax-httpjson/0.44.0/gax-httpjson-0.44.0.jar:/home/nisharma/.m2/repository/io/opencensus/opencensus-api/0.11.1/opencensus-api-0.11.1.jar:/home/nisharma/.m2/repository/com/google/errorprone/error_prone_annotations/2.2.0/error_prone_annotations-2.2.0.jar:/home/nisharma/.m2/repository/io/grpc/grpc-context/1.9.0/grpc-context-1.9.0.jar:/home/nisharma/.m2/repository/io/opencensus/opencensus-contrib-http-util/0.11.1/opencensus-contrib-http-util-0.11.1.jar:/home/nisharma/.m2/repository/com/google/apis/google-api-services-translate/v2-rev51-1.22.0/google-api-services-translate-v2-rev51-1.22.0.jar:/home/nisharma/.m2/repository/com/google/oauth-client/google-oauth-client/1.22.0/google-oauth-client-1.22.0.jar:/home/nisharma/.m2/repository/com/google/http-client/google-http-client/1.22.0/google-http-client-1.22.0.jar:/home/nisharma/.m2/repository/org/zanata/magpie/business-svc/1.0.0-SNAPSHOT/business-svc-1.0.0-SNAPSHOT.jar:/home/nisharma/.m2/repository/org/jsoup/jsoup/1.11.3/jsoup-1.11.3.jar:/home/nisharma/.m2/repository/org/apache/deltaspike/modules/deltaspike-jpa-module-api/1.7.2/deltaspike-jpa-module-api-1.7.2.jar:/home/nisharma/.m2/repository/org/apache/deltaspike/modules/deltaspike-jpa-module-impl/1.7.2/deltaspike-jpa-module-impl-1.7.2.jar:/home/nisharma/.m2/repository/org/fedorahosted/tennera/jgettext/0.15.1/jgettext-0.15.1.jar:/home/nisharma/.m2/repository/antlr/antlr/2.7.7/antlr-2.7.7.jar:/home/nisharma/.m2/repository/org/tuckey/urlrewritefilter/4.0.4/urlrewritefilter-4.0.4.jar:/home/nisharma/.m2/repository/javax/enterprise/cdi-api/1.2/cdi-api-1.2.jar:/home/nisharma/.m2/repository/javax/el/javax.el-api/3.0.0/javax.el-api-3.0.0.jar:/home/nisharma/.m2/repository/javax/interceptor/javax.interceptor-api/1.2/javax.interceptor-api-1.2.jar:/home/nisharma/.m2/repository/javax/inject/javax.inject/1/javax.inject-1.jar:/home/nisharma/.m2/repository/org/jboss/spec/javax/servlet/jboss-servlet-api_3.0_spec/1.0.2.Final/jboss-servlet-api_3.0_spec-1.0.2.Final.jar:/home/nisharma/.m2/repository/org/slf4j/slf4j-api/1.7.22/slf4j-api-1.7.22.jar:/home/nisharma/.m2/repository/org/slf4j/log4j-over-slf4j/1.7.22/log4j-over-slf4j-1.7.22.jar:/home/nisharma/.m2/repository/net/bull/javamelody/javamelody-core/1.62.0/javamelody-core-1.62.0.jar:/home/nisharma/.m2/repository/org/jrobin/jrobin/1.5.9/jrobin-1.5.9.jar:/home/nisharma/.m2/repository/com/google/guava/guava/20.0/guava-20.0.jar:/home/nisharma/.m2/repository/com/google/code/findbugs/annotations/3.0.1u2/annotations-3.0.1u2.jar:/home/nisharma/.m2/repository/net/jcip/jcip-annotations/1.0/jcip-annotations-1.0.jar:/home/nisharma/.m2/repository/com/google/code/findbugs/jsr305/3.0.1/jsr305-3.0.1.jar:/home/nisharma/.m2/repository/org/jboss/resteasy/jaxrs-api/3.0.12.Final/jaxrs-api-3.0.12.Final.jar:/home/nisharma/.m2/repository/org/jboss/resteasy/resteasy-servlet-initializer/3.1.0.Final/resteasy-servlet-initializer-3.1.0.Final.jar:/home/nisharma/.m2/repository/org/jboss/logging/jboss-logging/3.3.0.Final/jboss-logging-3.3.0.Final.jar:/home/nisharma/.m2/repository/org/jboss/resteasy/resteasy-jaxrs/3.1.0.Final/resteasy-jaxrs-3.1.0.Final.jar:/home/nisharma/.m2/repository/org/jboss/resteasy/resteasy-jaxrs-services/3.1.0.Final/resteasy-jaxrs-services-3.1.0.Final.jar:/home/nisharma/.m2/repository/javax/activation/activation/1.1.1/activation-1.1.1.jar:/home/nisharma/.m2/repository/org/apache/httpcomponents/httpclient/4.5.2/httpclient-4.5.2.jar:/home/nisharma/.m2/repository/org/apache/httpcomponents/httpcore/4.4.4/httpcore-4.4.4.jar:/home/nisharma/.m2/repository/org/jboss/resteasy/resteasy-cdi/3.1.0.Final/resteasy-cdi-3.1.0.Final.jar:/home/nisharma/.m2/repository/org/jboss/resteasy/resteasy-jaxb-provider/3.1.0.Final/resteasy-jaxb-provider-3.1.0.Final.jar:/home/nisharma/.m2/repository/com/sun/xml/bind/jaxb-impl/2.2.7/jaxb-impl-2.2.7.jar:/home/nisharma/.m2/repository/com/sun/xml/bind/jaxb-core/2.2.7/jaxb-core-2.2.7.jar:/home/nisharma/.m2/repository/javax/xml/bind/jaxb-api/2.2.7/jaxb-api-2.2.7.jar:/home/nisharma/.m2/repository/com/sun/istack/istack-commons-runtime/2.16/istack-commons-runtime-2.16.jar:/home/nisharma/.m2/repository/com/sun/xml/fastinfoset/FastInfoset/1.2.12/FastInfoset-1.2.12.jar:/home/nisharma/.m2/repository/javax/xml/bind/jsr173_api/1.0/jsr173_api-1.0.jar:/home/nisharma/.m2/repository/org/jboss/resteasy/resteasy-jackson2-provider/3.1.0.Final/resteasy-jackson2-provider-3.1.0.Final.jar:/home/nisharma/.m2/repository/com/fasterxml/jackson/core/jackson-core/2.8.3/jackson-core-2.8.3.jar:/home/nisharma/.m2/repository/com/fasterxml/jackson/jaxrs/jackson-jaxrs-json-provider/2.8.3/jackson-jaxrs-json-provider-2.8.3.jar:/home/nisharma/.m2/repository/com/fasterxml/jackson/jaxrs/jackson-jaxrs-base/2.8.3/jackson-jaxrs-base-2.8.3.jar:/home/nisharma/.m2/repository/com/fasterxml/jackson/module/jackson-module-jaxb-annotations/2.8.3/jackson-module-jaxb-annotations-2.8.3.jar:/home/nisharma/.m2/repository/javax/validation/validation-api/1.1.0.Final/validation-api-1.1.0.Final.jar:/home/nisharma/.m2/repository/org/liquibase/liquibase-core/3.5.3/liquibase-core-3.5.3.jar:/home/nisharma/.m2/repository/org/yaml/snakeyaml/1.17/snakeyaml-1.17.jar:/home/nisharma/.m2/repository/com/mattbertolini/liquibase-slf4j/2.0.0/liquibase-slf4j-2.0.0.jar:/home/nisharma/.m2/repository/org/apache/deltaspike/core/deltaspike-core-api/1.7.2/deltaspike-core-api-1.7.2.jar:/home/nisharma/.m2/repository/org/apache/deltaspike/core/deltaspike-core-impl/1.7.2/deltaspike-core-impl-1.7.2.jar:/home/nisharma/.m2/repository/org/apache/deltaspike/modules/deltaspike-servlet-module-api/1.7.2/deltaspike-servlet-module-api-1.7.2.jar:/home/nisharma/.m2/repository/org/apache/deltaspike/modules/deltaspike-servlet-module-impl/1.7.2/deltaspike-servlet-module-impl-1.7.2.jar:/home/nisharma/.m2/repository/org/apache/deltaspike/modules/deltaspike-security-module-api/1.7.2/deltaspike-security-module-api-1.7.2.jar:/home/nisharma/.m2/repository/org/apache/deltaspike/modules/deltaspike-security-module-impl/1.7.2/deltaspike-security-module-impl-1.7.2.jar:/home/nisharma/.m2/repository/commons-io/commons-io/2.6/commons-io-2.6.jar:/home/nisharma/.m2/repository/org/hibernate/hibernate-core/5.0.10.Final/hibernate-core-5.0.10.Final.jar:/home/nisharma/.m2/repository/org/hibernate/javax/persistence/hibernate-jpa-2.1-api/1.0.0.Final/hibernate-jpa-2.1-api-1.0.0.Final.jar:/home/nisharma/.m2/repository/org/javassist/javassist/3.18.1-GA/javassist-3.18.1-GA.jar:/home/nisharma/.m2/repository/org/apache/geronimo/specs/geronimo-jta_1.1_spec/1.1.1/geronimo-jta_1.1_spec-1.1.1.jar:/home/nisharma/.m2/repository/org/jboss/jandex/2.0.0.Final/jandex-2.0.0.Final.jar:/home/nisharma/.m2/repository/dom4j/dom4j/1.6.1/dom4j-1.6.1.jar:/home/nisharma/.m2/repository/xml-apis/xml-apis/1.0.b2/xml-apis-1.0.b2.jar:/home/nisharma/.m2/repository/org/hibernate/common/hibernate-commons-annotations/5.0.1.Final/hibernate-commons-annotations-5.0.1.Final.jar:/home/nisharma/.m2/repository/org/hibernate/hibernate-entitymanager/5.0.10.Final/hibernate-entitymanager-5.0.10.Final.jar:/home/nisharma/.m2/repository/org/hibernate/hibernate-validator/5.3.4.Final/hibernate-validator-5.3.4.Final.jar:/home/nisharma/.m2/repository/com/fasterxml/classmate/1.3.1/classmate-1.3.1.jar:/home/nisharma/.m2/repository/org/jboss/spec/javax/el/jboss-el-api_3.0_spec/1.0.7.Final/jboss-el-api_3.0_spec-1.0.7.Final.jar:/home/nisharma/.m2/repository/org/glassfish/javax.el/3.0.1-b09/javax.el-3.0.1-b09.jar:/home/nisharma/.m2/repository/org/infinispan/infinispan-core/8.1.4.Final/infinispan-core-8.1.4.Final.jar:/home/nisharma/.m2/repository/org/infinispan/infinispan-commons/8.1.4.Final/infinispan-commons-8.1.4.Final.jar:/home/nisharma/.m2/repository/org/jgroups/jgroups/3.6.4.Final/jgroups-3.6.4.Final.jar:/home/nisharma/.m2/repository/org/jboss/marshalling/jboss-marshalling/1.4.11.Final/jboss-marshalling-1.4.11.Final.jar:/home/nisharma/.m2/repository/org/jboss/marshalling/jboss-marshalling-river/1.4.11.Final/jboss-marshalling-river-1.4.11.Final.jar:/home/nisharma/.m2/repository/org/wildfly/wildfly-clustering-api/10.0.0.Final/wildfly-clustering-api-10.0.0.Final.jar:/home/nisharma/.m2/repository/org/wildfly/checkstyle/wildfly-checkstyle-config/1.0.4.Final/wildfly-checkstyle-config-1.0.4.Final.jar:/home/nisharma/.m2/repository/org/postgresql/postgresql/9.4.1212/postgresql-9.4.1212.jar:/home/nisharma/.m2/repository/com/ibm/icu/icu4j/58.2/icu4j-58.2.jar:/home/nisharma/.m2/repository/org/zanata/magpie/mt-data/1.0.0-SNAPSHOT/mt-data-1.0.0-SNAPSHOT-tests.jar:/home/nisharma/.m2/repository/junit/junit/4.12/junit-4.12.jar:/home/nisharma/.m2/repository/org/hamcrest/hamcrest-core/1.3/hamcrest-core-1.3.jar:/home/nisharma/.m2/repository/commons-logging/commons-logging/1.2/commons-logging-1.2.jar:/home/nisharma/.m2/repository/org/jglue/cdi-unit/cdi-unit/3.1.4/cdi-unit-3.1.4.jar:/home/nisharma/.m2/repository/org/jboss/weld/se/weld-se-core/2.3.2.Final/weld-se-core-2.3.2.Final.jar:/home/nisharma/.m2/repository/org/jboss/weld/environment/weld-environment-common/2.3.2.Final/weld-environment-common-2.3.2.Final.jar:/home/nisharma/.m2/repository/org/jboss/weld/weld-core-impl/2.3.2.Final/weld-core-impl-2.3.2.Final.jar:/home/nisharma/.m2/repository/org/jboss/weld/weld-api/2.3.Final/weld-api-2.3.Final.jar:/home/nisharma/.m2/repository/org/jboss/weld/weld-spi/2.3.Final/weld-spi-2.3.Final.jar:/home/nisharma/.m2/repository/org/jboss/classfilewriter/jboss-classfilewriter/1.1.2.Final/jboss-classfilewriter-1.1.2.Final.jar:/home/nisharma/.m2/repository/org/jboss/spec/javax/interceptor/jboss-interceptors-api_1.2_spec/1.0.0.Final/jboss-interceptors-api_1.2_spec-1.0.0.Final.jar:/home/nisharma/.m2/repository/org/jboss/weld/probe/weld-probe-core/2.3.2.Final/weld-probe-core-2.3.2.Final.jar:/home/nisharma/.m2/repository/org/jboss/spec/javax/annotation/jboss-annotations-api_1.2_spec/1.0.0.Final/jboss-annotations-api_1.2_spec-1.0.0.Final.jar:/home/nisharma/.m2/repository/org/reflections/reflections/0.9.10/reflections-0.9.10.jar:/home/nisharma/.m2/repository/org/assertj/assertj-core/3.6.1/assertj-core-3.6.1.jar:/home/nisharma/.m2/repository/org/mockito/mockito-core/2.7.9/mockito-core-2.7.9.jar:/home/nisharma/.m2/repository/net/bytebuddy/byte-buddy-agent/1.6.5/byte-buddy-agent-1.6.5.jar:/home/nisharma/.m2/repository/org/objenesis/objenesis/2.5/objenesis-2.5.jar:/home/nisharma/.m2/repository/net/bytebuddy/byte-buddy/1.6.5/byte-buddy-1.6.5.jar:/home/nisharma/.m2/repository/com/h2database/h2/1.4.193/h2-1.4.193.jar:/home/nisharma/.m2/repository/org/jetbrains/kotlin/kotlin-stdlib-jdk8/1.2.60/kotlin-stdlib-jdk8-1.2.60.jar:/home/nisharma/.m2/repository/org/jetbrains/kotlin/kotlin-stdlib/1.2.60/kotlin-stdlib-1.2.60.jar:/home/nisharma/.m2/repository/org/jetbrains/kotlin/kotlin-stdlib-common/1.2.60/kotlin-stdlib-common-1.2.60.jar:/home/nisharma/.m2/repository/org/jetbrains/kotlin/kotlin-stdlib-jdk7/1.2.60/kotlin-stdlib-jdk7-1.2.60.jar:/home/nisharma/.m2/repository/org/jetbrains/kotlin/kotlin-test-junit/1.2.60/kotlin-test-junit-1.2.60.jar:/home/nisharma/.m2/repository/org/jetbrains/kotlin/kotlin-test-annotations-common/1.2.60/kotlin-test-annotations-common-1.2.60.jar:/home/nisharma/.m2/repository/org/jetbrains/kotlin/kotlin-test/1.2.60/kotlin-test-1.2.60.jar:/home/nisharma/.m2/repository/org/jetbrains/kotlin/kotlin-test-common/1.2.60/kotlin-test-common-1.2.60.jar:/home/nisharma/.m2/repository/org/jetbrains/annotations/16.0.2/annotations-16.0.2.jar:"/>
    <property name="java.vm.vendor" value="Oracle Corporation"/>
    <property name="sun.arch.data.model" value="64"/>
    <property name="java.vendor.url" value="http://java.oracle.com/"/>
    <property name="user.timezone" value=""/>
    <property name="java.vm.specification.version" value="1.8"/>
    <property name="os.name" value="Linux"/>
    <property name="user.country" value="US"/>
    <property name="sun.java.launcher" value="SUN_STANDARD"/>
    <property name="sun.boot.library.path" value="/usr/lib/jvm/java-1.8.0-openjdk-1.8.0.212.b04-0.fc29.x86_64/jre/lib/amd64"/>
    <property name="sun.java.command" value="/home/nisharma/Desktop/gitRepo/zanata-mt/server/target/surefire/surefirebooter924926626752809891.jar /home/nisharma/Desktop/gitRepo/zanata-mt/server/target/surefire 2019-05-30T15-46-17_271-jvmRun1 surefire4087452308363411578tmp surefire_01614688514853244014tmp"/>
    <property name="surefire.test.class.path" value="/home/nisharma/Desktop/gitRepo/zanata-mt/server/target/test-classes:/home/nisharma/Desktop/gitRepo/zanata-mt/server/target/classes:/home/nisharma/.m2/repository/org/zanata/magpie/mt-frontend/1.0.0-SNAPSHOT/mt-frontend-1.0.0-SNAPSHOT.jar:/home/nisharma/.m2/repository/org/zanata/magpie/common/1.0.0-SNAPSHOT/common-1.0.0-SNAPSHOT.jar:/home/nisharma/.m2/repository/org/jboss/resteasy/resteasy-multipart-provider/3.1.0.Final/resteasy-multipart-provider-3.1.0.Final.jar:/home/nisharma/.m2/repository/com/sun/mail/javax.mail/1.5.6/javax.mail-1.5.6.jar:/home/nisharma/.m2/repository/org/apache/james/apache-mime4j/0.6/apache-mime4j-0.6.jar:/home/nisharma/.m2/repository/com/fasterxml/jackson/core/jackson-annotations/2.8.3/jackson-annotations-2.8.3.jar:/home/nisharma/.m2/repository/org/apache/commons/commons-lang3/3.5/commons-lang3-3.5.jar:/home/nisharma/.m2/repository/com/webcohesion/enunciate/enunciate-core-annotations/2.8.0/enunciate-core-annotations-2.8.0.jar:/home/nisharma/.m2/repository/com/fasterxml/jackson/core/jackson-databind/2.8.3/jackson-databind-2.8.3.jar:/home/nisharma/.m2/repository/org/zanata/magpie/mt-data/1.0.0-SNAPSHOT/mt-data-1.0.0-SNAPSHOT.jar:/home/nisharma/.m2/repository/net/sf/okapi/okapi-core/0.35/okapi-core-0.35.jar:/home/nisharma/.m2/repository/org/slf4j/slf4j-simple/1.7.13/slf4j-simple-1.7.13.jar:/home/nisharma/.m2/repository/net/sf/okapi/steps/okapi-step-tokenization/0.35/okapi-step-tokenization-0.35.jar:/home/nisharma/.m2/repository/net/sf/okapi/filters/okapi-filter-plaintext/0.35/okapi-filter-plaintext-0.35.jar:/home/nisharma/.m2/repository/net/sf/okapi/filters/okapi-filter-regex/0.35/okapi-filter-regex-0.35.jar:/home/nisharma/.m2/repository/net/sf/okapi/lib/okapi-lib-extra/0.35/okapi-lib-extra-0.35.jar:/home/nisharma/.m2/repository/net/sf/okapi/steps/okapi-step-common/0.35/okapi-step-common-0.35.jar:/home/nisharma/.m2/repository/commons-codec/commons-codec/1.11/commons-codec-1.11.jar:/home/nisharma/.m2/repository/org/zanata/magpie/mt-engine/1.0.0-SNAPSHOT/mt-engine-1.0.0-SNAPSHOT.jar:/home/nisharma/.m2/repository/org/jboss/resteasy/resteasy-client/3.1.0.Final/resteasy-client-3.1.0.Final.jar:/home/nisharma/.m2/repository/com/google/cloud/google-cloud-translate/1.32.0/google-cloud-translate-1.32.0.jar:/home/nisharma/.m2/repository/com/google/cloud/google-cloud-core/1.32.0/google-cloud-core-1.32.0.jar:/home/nisharma/.m2/repository/joda-time/joda-time/2.9.2/joda-time-2.9.2.jar:/home/nisharma/.m2/repository/com/google/api/api-common/1.6.0/api-common-1.6.0.jar:/home/nisharma/.m2/repository/com/google/api/gax/1.27.0/gax-1.27.0.jar:/home/nisharma/.m2/repository/org/threeten/threetenbp/1.3.3/threetenbp-1.3.3.jar:/home/nisharma/.m2/repository/com/google/protobuf/protobuf-java-util/3.5.1/protobuf-java-util-3.5.1.jar:/home/nisharma/.m2/repository/com/google/protobuf/protobuf-java/3.5.1/protobuf-java-3.5.1.jar:/home/nisharma/.m2/repository/com/google/code/gson/gson/2.7/gson-2.7.jar:/home/nisharma/.m2/repository/com/google/api/grpc/proto-google-common-protos/1.11.0/proto-google-common-protos-1.11.0.jar:/home/nisharma/.m2/repository/com/google/api/grpc/proto-google-iam-v1/0.12.0/proto-google-iam-v1-0.12.0.jar:/home/nisharma/.m2/repository/com/google/cloud/google-cloud-core-http/1.32.0/google-cloud-core-http-1.32.0.jar:/home/nisharma/.m2/repository/com/google/auth/google-auth-library-credentials/0.9.1/google-auth-library-credentials-0.9.1.jar:/home/nisharma/.m2/repository/com/google/auth/google-auth-library-oauth2-http/0.9.1/google-auth-library-oauth2-http-0.9.1.jar:/home/nisharma/.m2/repository/com/google/api-client/google-api-client/1.23.0/google-api-client-1.23.0.jar:/home/nisharma/.m2/repository/com/google/http-client/google-http-client-appengine/1.23.0/google-http-client-appengine-1.23.0.jar:/home/nisharma/.m2/repository/com/google/http-client/google-http-client-jackson/1.23.0/google-http-client-jackson-1.23.0.jar:/home/nisharma/.m2/repository/org/codehaus/jackson/jackson-core-asl/1.9.11/jackson-core-asl-1.9.11.jar:/home/nisharma/.m2/repository/com/google/http-client/google-http-client-jackson2/1.23.0/google-http-client-jackson2-1.23.0.jar:/home/nisharma/.m2/repository/com/google/api/gax-httpjson/0.44.0/gax-httpjson-0.44.0.jar:/home/nisharma/.m2/repository/io/opencensus/opencensus-api/0.11.1/opencensus-api-0.11.1.jar:/home/nisharma/.m2/repository/com/google/errorprone/error_prone_annotations/2.2.0/error_prone_annotations-2.2.0.jar:/home/nisharma/.m2/repository/io/grpc/grpc-context/1.9.0/grpc-context-1.9.0.jar:/home/nisharma/.m2/repository/io/opencensus/opencensus-contrib-http-util/0.11.1/opencensus-contrib-http-util-0.11.1.jar:/home/nisharma/.m2/repository/com/google/apis/google-api-services-translate/v2-rev51-1.22.0/google-api-services-translate-v2-rev51-1.22.0.jar:/home/nisharma/.m2/repository/com/google/oauth-client/google-oauth-client/1.22.0/google-oauth-client-1.22.0.jar:/home/nisharma/.m2/repository/com/google/http-client/google-http-client/1.22.0/google-http-client-1.22.0.jar:/home/nisharma/.m2/repository/org/zanata/magpie/business-svc/1.0.0-SNAPSHOT/business-svc-1.0.0-SNAPSHOT.jar:/home/nisharma/.m2/repository/org/jsoup/jsoup/1.11.3/jsoup-1.11.3.jar:/home/nisharma/.m2/repository/org/apache/deltaspike/modules/deltaspike-jpa-module-api/1.7.2/deltaspike-jpa-module-api-1.7.2.jar:/home/nisharma/.m2/repository/org/apache/deltaspike/modules/deltaspike-jpa-module-impl/1.7.2/deltaspike-jpa-module-impl-1.7.2.jar:/home/nisharma/.m2/repository/org/fedorahosted/tennera/jgettext/0.15.1/jgettext-0.15.1.jar:/home/nisharma/.m2/repository/antlr/antlr/2.7.7/antlr-2.7.7.jar:/home/nisharma/.m2/repository/org/tuckey/urlrewritefilter/4.0.4/urlrewritefilter-4.0.4.jar:/home/nisharma/.m2/repository/javax/enterprise/cdi-api/1.2/cdi-api-1.2.jar:/home/nisharma/.m2/repository/javax/el/javax.el-api/3.0.0/javax.el-api-3.0.0.jar:/home/nisharma/.m2/repository/javax/interceptor/javax.interceptor-api/1.2/javax.interceptor-api-1.2.jar:/home/nisharma/.m2/repository/javax/inject/javax.inject/1/javax.inject-1.jar:/home/nisharma/.m2/repository/org/jboss/spec/javax/servlet/jboss-servlet-api_3.0_spec/1.0.2.Final/jboss-servlet-api_3.0_spec-1.0.2.Final.jar:/home/nisharma/.m2/repository/org/slf4j/slf4j-api/1.7.22/slf4j-api-1.7.22.jar:/home/nisharma/.m2/repository/org/slf4j/log4j-over-slf4j/1.7.22/log4j-over-slf4j-1.7.22.jar:/home/nisharma/.m2/repository/net/bull/javamelody/javamelody-core/1.62.0/javamelody-core-1.62.0.jar:/home/nisharma/.m2/repository/org/jrobin/jrobin/1.5.9/jrobin-1.5.9.jar:/home/nisharma/.m2/repository/com/google/guava/guava/20.0/guava-20.0.jar:/home/nisharma/.m2/repository/com/google/code/findbugs/annotations/3.0.1u2/annotations-3.0.1u2.jar:/home/nisharma/.m2/repository/net/jcip/jcip-annotations/1.0/jcip-annotations-1.0.jar:/home/nisharma/.m2/repository/com/google/code/findbugs/jsr305/3.0.1/jsr305-3.0.1.jar:/home/nisharma/.m2/repository/org/jboss/resteasy/jaxrs-api/3.0.12.Final/jaxrs-api-3.0.12.Final.jar:/home/nisharma/.m2/repository/org/jboss/resteasy/resteasy-servlet-initializer/3.1.0.Final/resteasy-servlet-initializer-3.1.0.Final.jar:/home/nisharma/.m2/repository/org/jboss/logging/jboss-logging/3.3.0.Final/jboss-logging-3.3.0.Final.jar:/home/nisharma/.m2/repository/org/jboss/resteasy/resteasy-jaxrs/3.1.0.Final/resteasy-jaxrs-3.1.0.Final.jar:/home/nisharma/.m2/repository/org/jboss/resteasy/resteasy-jaxrs-services/3.1.0.Final/resteasy-jaxrs-services-3.1.0.Final.jar:/home/nisharma/.m2/repository/javax/activation/activation/1.1.1/activation-1.1.1.jar:/home/nisharma/.m2/repository/org/apache/httpcomponents/httpclient/4.5.2/httpclient-4.5.2.jar:/home/nisharma/.m2/repository/org/apache/httpcomponents/httpcore/4.4.4/httpcore-4.4.4.jar:/home/nisharma/.m2/repository/org/jboss/resteasy/resteasy-cdi/3.1.0.Final/resteasy-cdi-3.1.0.Final.jar:/home/nisharma/.m2/repository/org/jboss/resteasy/resteasy-jaxb-provider/3.1.0.Final/resteasy-jaxb-provider-3.1.0.Final.jar:/home/nisharma/.m2/repository/com/sun/xml/bind/jaxb-impl/2.2.7/jaxb-impl-2.2.7.jar:/home/nisharma/.m2/repository/com/sun/xml/bind/jaxb-core/2.2.7/jaxb-core-2.2.7.jar:/home/nisharma/.m2/repository/javax/xml/bind/jaxb-api/2.2.7/jaxb-api-2.2.7.jar:/home/nisharma/.m2/repository/com/sun/istack/istack-commons-runtime/2.16/istack-commons-runtime-2.16.jar:/home/nisharma/.m2/repository/com/sun/xml/fastinfoset/FastInfoset/1.2.12/FastInfoset-1.2.12.jar:/home/nisharma/.m2/repository/javax/xml/bind/jsr173_api/1.0/jsr173_api-1.0.jar:/home/nisharma/.m2/repository/org/jboss/resteasy/resteasy-jackson2-provider/3.1.0.Final/resteasy-jackson2-provider-3.1.0.Final.jar:/home/nisharma/.m2/repository/com/fasterxml/jackson/core/jackson-core/2.8.3/jackson-core-2.8.3.jar:/home/nisharma/.m2/repository/com/fasterxml/jackson/jaxrs/jackson-jaxrs-json-provider/2.8.3/jackson-jaxrs-json-provider-2.8.3.jar:/home/nisharma/.m2/repository/com/fasterxml/jackson/jaxrs/jackson-jaxrs-base/2.8.3/jackson-jaxrs-base-2.8.3.jar:/home/nisharma/.m2/repository/com/fasterxml/jackson/module/jackson-module-jaxb-annotations/2.8.3/jackson-module-jaxb-annotations-2.8.3.jar:/home/nisharma/.m2/repository/javax/validation/validation-api/1.1.0.Final/validation-api-1.1.0.Final.jar:/home/nisharma/.m2/repository/org/liquibase/liquibase-core/3.5.3/liquibase-core-3.5.3.jar:/home/nisharma/.m2/repository/org/yaml/snakeyaml/1.17/snakeyaml-1.17.jar:/home/nisharma/.m2/repository/com/mattbertolini/liquibase-slf4j/2.0.0/liquibase-slf4j-2.0.0.jar:/home/nisharma/.m2/repository/org/apache/deltaspike/core/deltaspike-core-api/1.7.2/deltaspike-core-api-1.7.2.jar:/home/nisharma/.m2/repository/org/apache/deltaspike/core/deltaspike-core-impl/1.7.2/deltaspike-core-impl-1.7.2.jar:/home/nisharma/.m2/repository/org/apache/deltaspike/modules/deltaspike-servlet-module-api/1.7.2/deltaspike-servlet-module-api-1.7.2.jar:/home/nisharma/.m2/repository/org/apache/deltaspike/modules/deltaspike-servlet-module-impl/1.7.2/deltaspike-servlet-module-impl-1.7.2.jar:/home/nisharma/.m2/repository/org/apache/deltaspike/modules/deltaspike-security-module-api/1.7.2/deltaspike-security-module-api-1.7.2.jar:/home/nisharma/.m2/repository/org/apache/deltaspike/modules/deltaspike-security-module-impl/1.7.2/deltaspike-security-module-impl-1.7.2.jar:/home/nisharma/.m2/repository/commons-io/commons-io/2.6/commons-io-2.6.jar:/home/nisharma/.m2/repository/org/hibernate/hibernate-core/5.0.10.Final/hibernate-core-5.0.10.Final.jar:/home/nisharma/.m2/repository/org/hibernate/javax/persistence/hibernate-jpa-2.1-api/1.0.0.Final/hibernate-jpa-2.1-api-1.0.0.Final.jar:/home/nisharma/.m2/repository/org/javassist/javassist/3.18.1-GA/javassist-3.18.1-GA.jar:/home/nisharma/.m2/repository/org/apache/geronimo/specs/geronimo-jta_1.1_spec/1.1.1/geronimo-jta_1.1_spec-1.1.1.jar:/home/nisharma/.m2/repository/org/jboss/jandex/2.0.0.Final/jandex-2.0.0.Final.jar:/home/nisharma/.m2/repository/dom4j/dom4j/1.6.1/dom4j-1.6.1.jar:/home/nisharma/.m2/repository/xml-apis/xml-apis/1.0.b2/xml-apis-1.0.b2.jar:/home/nisharma/.m2/repository/org/hibernate/common/hibernate-commons-annotations/5.0.1.Final/hibernate-commons-annotations-5.0.1.Final.jar:/home/nisharma/.m2/repository/org/hibernate/hibernate-entitymanager/5.0.10.Final/hibernate-entitymanager-5.0.10.Final.jar:/home/nisharma/.m2/repository/org/hibernate/hibernate-validator/5.3.4.Final/hibernate-validator-5.3.4.Final.jar:/home/nisharma/.m2/repository/com/fasterxml/classmate/1.3.1/classmate-1.3.1.jar:/home/nisharma/.m2/repository/org/jboss/spec/javax/el/jboss-el-api_3.0_spec/1.0.7.Final/jboss-el-api_3.0_spec-1.0.7.Final.jar:/home/nisharma/.m2/repository/org/glassfish/javax.el/3.0.1-b09/javax.el-3.0.1-b09.jar:/home/nisharma/.m2/repository/org/infinispan/infinispan-core/8.1.4.Final/infinispan-core-8.1.4.Final.jar:/home/nisharma/.m2/repository/org/infinispan/infinispan-commons/8.1.4.Final/infinispan-commons-8.1.4.Final.jar:/home/nisharma/.m2/repository/org/jgroups/jgroups/3.6.4.Final/jgroups-3.6.4.Final.jar:/home/nisharma/.m2/repository/org/jboss/marshalling/jboss-marshalling/1.4.11.Final/jboss-marshalling-1.4.11.Final.jar:/home/nisharma/.m2/repository/org/jboss/marshalling/jboss-marshalling-river/1.4.11.Final/jboss-marshalling-river-1.4.11.Final.jar:/home/nisharma/.m2/repository/org/wildfly/wildfly-clustering-api/10.0.0.Final/wildfly-clustering-api-10.0.0.Final.jar:/home/nisharma/.m2/repository/org/wildfly/checkstyle/wildfly-checkstyle-config/1.0.4.Final/wildfly-checkstyle-config-1.0.4.Final.jar:/home/nisharma/.m2/repository/org/postgresql/postgresql/9.4.1212/postgresql-9.4.1212.jar:/home/nisharma/.m2/repository/com/ibm/icu/icu4j/58.2/icu4j-58.2.jar:/home/nisharma/.m2/repository/org/zanata/magpie/mt-data/1.0.0-SNAPSHOT/mt-data-1.0.0-SNAPSHOT-tests.jar:/home/nisharma/.m2/repository/junit/junit/4.12/junit-4.12.jar:/home/nisharma/.m2/repository/org/hamcrest/hamcrest-core/1.3/hamcrest-core-1.3.jar:/home/nisharma/.m2/repository/commons-logging/commons-logging/1.2/commons-logging-1.2.jar:/home/nisharma/.m2/repository/org/jglue/cdi-unit/cdi-unit/3.1.4/cdi-unit-3.1.4.jar:/home/nisharma/.m2/repository/org/jboss/weld/se/weld-se-core/2.3.2.Final/weld-se-core-2.3.2.Final.jar:/home/nisharma/.m2/repository/org/jboss/weld/environment/weld-environment-common/2.3.2.Final/weld-environment-common-2.3.2.Final.jar:/home/nisharma/.m2/repository/org/jboss/weld/weld-core-impl/2.3.2.Final/weld-core-impl-2.3.2.Final.jar:/home/nisharma/.m2/repository/org/jboss/weld/weld-api/2.3.Final/weld-api-2.3.Final.jar:/home/nisharma/.m2/repository/org/jboss/weld/weld-spi/2.3.Final/weld-spi-2.3.Final.jar:/home/nisharma/.m2/repository/org/jboss/classfilewriter/jboss-classfilewriter/1.1.2.Final/jboss-classfilewriter-1.1.2.Final.jar:/home/nisharma/.m2/repository/org/jboss/spec/javax/interceptor/jboss-interceptors-api_1.2_spec/1.0.0.Final/jboss-interceptors-api_1.2_spec-1.0.0.Final.jar:/home/nisharma/.m2/repository/org/jboss/weld/probe/weld-probe-core/2.3.2.Final/weld-probe-core-2.3.2.Final.jar:/home/nisharma/.m2/repository/org/jboss/spec/javax/annotation/jboss-annotations-api_1.2_spec/1.0.0.Final/jboss-annotations-api_1.2_spec-1.0.0.Final.jar:/home/nisharma/.m2/repository/org/reflections/reflections/0.9.10/reflections-0.9.10.jar:/home/nisharma/.m2/repository/org/assertj/assertj-core/3.6.1/assertj-core-3.6.1.jar:/home/nisharma/.m2/repository/org/mockito/mockito-core/2.7.9/mockito-core-2.7.9.jar:/home/nisharma/.m2/repository/net/bytebuddy/byte-buddy-agent/1.6.5/byte-buddy-agent-1.6.5.jar:/home/nisharma/.m2/repository/org/objenesis/objenesis/2.5/objenesis-2.5.jar:/home/nisharma/.m2/repository/net/bytebuddy/byte-buddy/1.6.5/byte-buddy-1.6.5.jar:/home/nisharma/.m2/repository/com/h2database/h2/1.4.193/h2-1.4.193.jar:/home/nisharma/.m2/repository/org/jetbrains/kotlin/kotlin-stdlib-jdk8/1.2.60/kotlin-stdlib-jdk8-1.2.60.jar:/home/nisharma/.m2/repository/org/jetbrains/kotlin/kotlin-stdlib/1.2.60/kotlin-stdlib-1.2.60.jar:/home/nisharma/.m2/repository/org/jetbrains/kotlin/kotlin-stdlib-common/1.2.60/kotlin-stdlib-common-1.2.60.jar:/home/nisharma/.m2/repository/org/jetbrains/kotlin/kotlin-stdlib-jdk7/1.2.60/kotlin-stdlib-jdk7-1.2.60.jar:/home/nisharma/.m2/repository/org/jetbrains/kotlin/kotlin-test-junit/1.2.60/kotlin-test-junit-1.2.60.jar:/home/nisharma/.m2/repository/org/jetbrains/kotlin/kotlin-test-annotations-common/1.2.60/kotlin-test-annotations-common-1.2.60.jar:/home/nisharma/.m2/repository/org/jetbrains/kotlin/kotlin-test/1.2.60/kotlin-test-1.2.60.jar:/home/nisharma/.m2/repository/org/jetbrains/kotlin/kotlin-test-common/1.2.60/kotlin-test-common-1.2.60.jar:/home/nisharma/.m2/repository/org/jetbrains/annotations/16.0.2/annotations-16.0.2.jar:"/>
    <property name="sun.cpu.endian" value="little"/>
    <property name="user.home" value="/home/nisharma"/>
    <property name="user.language" value="en"/>
    <property name="aether.connector.resumeDownloads" value="false"/>
    <property name="java.specification.vendor" value="Oracle Corporation"/>
    <property name="java.home" value="/usr/lib/jvm/java-1.8.0-openjdk-1.8.0.212.b04-0.fc29.x86_64/jre"/>
    <property name="basedir" value="/home/nisharma/Desktop/gitRepo/zanata-mt/server"/>
    <property name="file.separator" value="/"/>
    <property name="line.separator" value="&#10;"/>
    <property name="java.vm.specification.vendor" value="Oracle Corporation"/>
    <property name="java.specification.name" value="Java Platform API Specification"/>
    <property name="java.awt.graphicsenv" value="sun.awt.X11GraphicsEnvironment"/>
    <property name="surefire.real.class.path" value="/home/nisharma/Desktop/gitRepo/zanata-mt/server/target/surefire/surefirebooter924926626752809891.jar:/home/nisharma/.m2/repository/org/jacoco/org.jacoco.agent/0.8.2/org.jacoco.agent-0.8.2-runtime.jar"/>
    <property name="sun.boot.class.path" value="/usr/lib/jvm/java-1.8.0-openjdk-1.8.0.212.b04-0.fc29.x86_64/jre/lib/resources.jar:/usr/lib/jvm/java-1.8.0-openjdk-1.8.0.212.b04-0.fc29.x86_64/jre/lib/rt.jar:/usr/lib/jvm/java-1.8.0-openjdk-1.8.0.212.b04-0.fc29.x86_64/jre/lib/sunrsasign.jar:/usr/lib/jvm/java-1.8.0-openjdk-1.8.0.212.b04-0.fc29.x86_64/jre/lib/jsse.jar:/usr/lib/jvm/java-1.8.0-openjdk-1.8.0.212.b04-0.fc29.x86_64/jre/lib/jce.jar:/usr/lib/jvm/java-1.8.0-openjdk-1.8.0.212.b04-0.fc29.x86_64/jre/lib/charsets.jar:/usr/lib/jvm/java-1.8.0-openjdk-1.8.0.212.b04-0.fc29.x86_64/jre/lib/jfr.jar:/usr/lib/jvm/java-1.8.0-openjdk-1.8.0.212.b04-0.fc29.x86_64/jre/classes"/>
    <property name="sun.management.compiler" value="HotSpot 64-Bit Tiered Compilers"/>
    <property name="java.runtime.version" value="1.8.0_212-b04"/>
    <property name="user.name" value="nisharma"/>
    <property name="path.separator" value=":"/>
    <property name="os.version" value="5.0.16-200.fc29.x86_64"/>
    <property name="java.endorsed.dirs" value="/usr/lib/jvm/java-1.8.0-openjdk-1.8.0.212.b04-0.fc29.x86_64/jre/lib/endorsed"/>
    <property name="java.runtime.name" value="OpenJDK Runtime Environment"/>
    <property name="file.encoding" value="UTF-8"/>
    <property name="java.vm.name" value="OpenJDK 64-Bit Server VM"/>
    <property name="localRepository" value="/home/nisharma/.m2/repository"/>
    <property name="java.vendor.url.bug" value="http://bugreport.sun.com/bugreport/"/>
    <property name="java.io.tmpdir" value="/tmp"/>
    <property name="java.version" value="1.8.0_212"/>
    <property name="user.dir" value="/home/nisharma/Desktop/gitRepo/zanata-mt/server"/>
    <property name="os.arch" value="amd64"/>
    <property name="java.vm.specification.name" value="Java Virtual Machine Specification"/>
    <property name="java.awt.printerjob" value="sun.print.PSPrinterJob"/>
    <property name="sun.os.patch.level" value="unknown"/>
    <property name="java.library.path" value="/usr/java/packages/lib/amd64:/usr/lib64:/lib64:/lib:/usr/lib"/>
    <property name="java.vm.info" value="mixed mode"/>
    <property name="java.vendor" value="Oracle Corporation"/>
    <property name="java.vm.version" value="25.212-b04"/>
    <property name="java.ext.dirs" value="/usr/lib/jvm/java-1.8.0-openjdk-1.8.0.212.b04-0.fc29.x86_64/jre/lib/ext:/usr/java/packages/lib/ext"/>
    <property name="sun.io.unicode.encoding" value="UnicodeLittle"/>
    <property name="java.class.version" value="52.0"/>
  </properties>
  <testcase name="testApplicationPath" classname="org.zanata.magpie.MTApplicationTest" time="0.202"/>
  <testcase name="testGetClasses" classname="org.zanata.magpie.MTApplicationTest" time="0.016"/>
</testsuite>